#
# A fatal error has been detected by the Java Runtime Environment:
#
#  SIGSEGV (0xb) at pc=0x00007f96e1996c4f, pid=16335, tid=0x00007f96c0d72700
#
# JRE version: OpenJDK Runtime Environment (8.0_111-b14) (build 1.8.0_111-8u111-b14-2ubuntu0.16.04.2-b14)
# Java VM: OpenJDK 64-Bit Server VM (25.111-b14 mixed mode linux-amd64 compressed oops)
# Problematic frame:
# V  [libjvm.so+0x66ec4f]
#
# Failed to write core dump. Core dumps have been disabled. To enable core dumping, try "ulimit -c unlimited" before starting Java again
#
# If you would like to submit a bug report, please visit:
#   http://bugreport.java.com/bugreport/crash.jsp
#

---------------  T H R E A D  ---------------

Current thread (0x00007f96dc2ac800):  JavaThread "AWT-XAWT" daemon [_thread_in_vm, id=16488, stack(0x00007f96c0c72000,0x00007f96c0d73000)]

siginfo: si_signo: 11 (SIGSEGV), si_code: 1 (SEGV_MAPERR), si_addr: 0x0000000000000000

Registers:
RAX=0x0000000000000000, RBX=0x00007f96dc2ac800, RCX=0x0000000000000000, RDX=0x00007f96e223b909
RSP=0x00007f96c0d71810, RBP=0x00007f96c0d71830, RSI=0x0000000000000000, RDI=0x00007f96dc2ac800
R8 =0x00000000c42002f8, R9 =0x00000000c4310788, R10=0x00007f96cbca6004, R11=0x00007f96cbca5fd8
R12=0x00007f96dc2ac9e0, R13=0x0000000000000000, R14=0x0000000000000042, R15=0x00007f96dc2ac800
RIP=0x00007f96e1996c4f, EFLAGS=0x0000000000010202, CSGSFS=0x0000000000000033, ERR=0x0000000000000004
  TRAPNO=0x000000000000000e

Top of Stack: (sp=0x00007f96c0d71810)
0x00007f96c0d71810:   00007f96dc2ac9e0 00007f969c061d50
0x00007f96c0d71820:   0000000000000000 00007f96c2dd2b00
0x00007f96c0d71830:   00007f96c0d71860 00007f96c2baff74
0x00007f96c0d71840:   00007f96c8d75188 00007f969c061d50
0x00007f96c0d71850:   00007f96c0d71910 00007f96c0d718e0
0x00007f96c0d71860:   0000000000000000 00007f96c26753c0
0x00007f96c0d71870:   00007f96c8d75188 00007f96c0d718a0
0x00007f96c0d71880:   0000000000000000 00007f96c266cf93
0x00007f96c0d71890:   00007f96c0d71910 00007f96c2ba7cef
0x00007f96c0d718a0:   00007f96c0d718f0 00007f96cbca6076
0x00007f96c0d718b0:   00000000c4321988 00007f96cbab0c36
0x00007f96c0d718c0:   00000000c4321988 00007f96cbfab424
0x00007f96c0d718d0:   00000000c4321988 0000000000000000
0x00007f96c0d718e0:   00000000c435afd0 0000000000000019
0x00007f96c0d718f0:   00007f96c0d71970 00007f96cb87d850
0x00007f96c0d71900:   00007f96c0d71970 00007f96cb87d850
0x00007f96c0d71910:   0000000000000000 00007f96cb87db90
0x00007f96c0d71920:   00007f9690001900 00000000c4321988
0x00007f96c0d71930:   00007f96c0d71930 00007f96c8d20e9c
0x00007f96c0d71940:   00007f96c0d719b8 00007f96c8d39358
0x00007f96c0d71950:   0000000000000000 00007f96c8d20fd8
0x00007f96c0d71960:   00007f96c0d71910 00007f96c0d719b0
0x00007f96c0d71970:   00007f96c0d71a00 00007f96cb87e07d
0x00007f96c0d71980:   0000000000000000 00000000f1229688
0x00007f96c0d71990:   0000000000000000 0000000000000000
0x00007f96c0d719a0:   0000000000000000 00000000c4321988
0x00007f96c0d719b0:   0000000000000000 00000000c4779d98
0x00007f96c0d719c0:   00007f96c0d719c0 00007f96c8d20cdd
0x00007f96c0d719d0:   00007f96c0d71a10 00007f96c8d39358
0x00007f96c0d719e0:   0000000000000000 00007f96c8d20ce8
0x00007f96c0d719f0:   00007f96c0d719b0 00007f96c0d71a10
0x00007f96c0d71a00:   00007f96c0d71a58 00007f96cb87e0c2 

Instructions: (pc=0x00007f96e1996c4f)
0x00007f96e1996c2f:   ac de 00 00 74 0a 48 89 df 31 db e8 31 56 39 00
0x00007f96e1996c3f:   48 89 df e8 b9 f5 ff ff 90 48 8d 15 ba 4c 8a 00
0x00007f96e1996c4f:   49 8b 45 00 80 3a 00 74 60 48 8d 35 01 6d 88 00
0x00007f96e1996c5f:   8b 50 08 8b 4e 08 48 d3 e2 48 89 d1 48 03 0e 48 

Register to memory mapping:

RAX=0x0000000000000000 is an unknown value
RBX=0x00007f96dc2ac800 is a thread
RCX=0x0000000000000000 is an unknown value
RDX=0x00007f96e223b909: <offset 0xf13909> in /usr/lib/jvm/java-8-openjdk-amd64/jre/lib/amd64/server/libjvm.so at 0x00007f96e1328000
RSP=0x00007f96c0d71810 is pointing into the stack for thread: 0x00007f96dc2ac800
RBP=0x00007f96c0d71830 is pointing into the stack for thread: 0x00007f96dc2ac800
RSI=0x0000000000000000 is an unknown value
RDI=0x00007f96dc2ac800 is a thread
R8 =0x00000000c42002f8 is an oop
[I 
 - klass: {type array int}
 - length: 9
R9 =0x00000000c4310788 is an oop
sun.util.logging.PlatformLogger$DefaultLoggerProxy 
 - klass: 'sun/util/logging/PlatformLogger$DefaultLoggerProxy'
R10=0x00007f96cbca6004 is at entry_point+68 in (nmethod*)0x00007f96cbca5e50
R11=0x00007f96cbca5fd8 is at entry_point+24 in (nmethod*)0x00007f96cbca5e50
R12=0x00007f96dc2ac9e0 is an unknown value
R13=0x0000000000000000 is an unknown value
R14=0x0000000000000042 is an unknown value
R15=0x00007f96dc2ac800 is a thread


Stack: [0x00007f96c0c72000,0x00007f96c0d73000],  sp=0x00007f96c0d71810,  free space=1022k
Native frames: (J=compiled Java code, j=interpreted, Vv=VM code, C=native code)
V  [libjvm.so+0x66ec4f]
C  [libawt_xawt.so+0x35f74]
C  [libX11.so.6+0x643c0]  _XimServerDestroy+0x70

Java frames: (J=compiled Java code, j=interpreted, Vv=VM code)
J 1186  sun.awt.X11.XlibWrapper.XFilterEvent(JJ)Z (0 bytes) @ 0x00007f96cbca6004 [0x00007f96cbca5fc0+0x44]
j  sun.awt.X11.XToolkit.run(Z)V+300
j  sun.awt.X11.XToolkit.run()V+5
j  java.lang.Thread.run()V+11
v  ~StubRoutines::call_stub

---------------  P R O C E S S  ---------------

Java Threads: ( => current thread )
  0x00007f96b003f000 JavaThread "SIGHUP handler" daemon [_thread_new, id=31714, stack(0x0000000000000000,0x0000000000000000)]
  0x00007f9694106000 JavaThread "main" [_thread_blocked, id=23621, stack(0x00007f96c0b71000,0x00007f96c0c72000)]
  0x00007f969c066000 JavaThread "TimerQueue" daemon [_thread_blocked, id=16591, stack(0x00007f968baea000,0x00007f968bbeb000)]
  0x00007f96dc00d800 JavaThread "DestroyJavaVM" [_thread_blocked, id=16336, stack(0x00007f96e2f75000,0x00007f96e3076000)]
  0x00007f96dc2b1000 JavaThread "BlueJ worker thread" [_thread_blocked, id=16490, stack(0x00007f96c0a70000,0x00007f96c0b71000)]
=>0x00007f96dc2ac800 JavaThread "AWT-XAWT" daemon [_thread_in_vm, id=16488, stack(0x00007f96c0c72000,0x00007f96c0d73000)]
  0x00007f96dc28c800 JavaThread "Java2D Disposer" daemon [_thread_blocked, id=16485, stack(0x00007f96c1183000,0x00007f96c1284000)]
  0x00007f96dc0c6000 JavaThread "Service Thread" daemon [_thread_blocked, id=16365, stack(0x00007f96c31ef000,0x00007f96c32f0000)]
  0x00007f96dc0c1000 JavaThread "C1 CompilerThread1" daemon [_thread_blocked, id=16359, stack(0x00007f96c32f0000,0x00007f96c33f1000)]
  0x00007f96dc0be000 JavaThread "C2 CompilerThread0" daemon [_thread_blocked, id=16358, stack(0x00007f96c33f1000,0x00007f96c34f2000)]
  0x00007f96a4001000 JavaThread "JDWP Command Reader" daemon [_thread_in_native, id=16347, stack(0x00007f96c34f2000,0x00007f96c35f3000)]
  0x00007f96dc0bb800 JavaThread "JDWP Event Helper Thread" daemon [_thread_in_vm, id=16346, stack(0x00007f96c35f3000,0x00007f96c36f4000)]
  0x00007f96dc0b8000 JavaThread "JDWP Transport Listener: dt_socket" daemon [_thread_blocked, id=16345, stack(0x00007f96c36f4000,0x00007f96c37f5000)]
  0x00007f96dc0a9800 JavaThread "Signal Dispatcher" daemon [_thread_in_vm, id=16343, stack(0x00007f96c39fa000,0x00007f96c3afb000)]
  0x00007f96dc083000 JavaThread "Finalizer" daemon [_thread_blocked, id=16342, stack(0x00007f96c3afb000,0x00007f96c3bfc000)]
  0x00007f96dc07e000 JavaThread "Reference Handler" daemon [_thread_blocked, id=16341, stack(0x00007f96c3bfc000,0x00007f96c3cfd000)]

Other Threads:
  0x00007f96dc076800 VMThread [stack: 0x00007f96c3cfd000,0x00007f96c3dfe000] [id=16340]
  0x00007f96dc0c8800 WatcherThread [stack: 0x00007f96c30ee000,0x00007f96c31ef000] [id=16367]

VM state:synchronizing (normal execution)

VM Mutex/Monitor currently owned by a thread:  ([mutex/lock_event])
[0x00007f96dc0099f0] Safepoint_lock - owner thread: 0x00007f96dc076800
[0x00007f96dc009a70] Threads_lock - owner thread: 0x00007f96dc076800

Heap:
 PSYoungGen      total 117760K, used 26116K [0x00000000ec100000, 0x00000000f8c00000, 0x0000000100000000)
  eden space 105472K, 13% used [0x00000000ec100000,0x00000000ecea14b0,0x00000000f2800000)
  from space 12288K, 98% used [0x00000000f8000000,0x00000000f8bdfda0,0x00000000f8c00000)
  to   space 20480K, 0% used [0x00000000f6400000,0x00000000f6400000,0x00000000f7800000)
 ParOldGen       total 66560K, used 48449K [0x00000000c4200000, 0x00000000c8300000, 0x00000000ec100000)
  object space 66560K, 72% used [0x00000000c4200000,0x00000000c7150740,0x00000000c8300000)
 Metaspace       used 16324K, capacity 16656K, committed 16896K, reserved 1064960K
  class space    used 1868K, capacity 1985K, committed 2048K, reserved 1048576K

Card table byte_map: [0x00007f96e0023000,0x00007f96e0203000] byte_map_base: 0x00007f96dfa02000

Marking Bits: (ParMarkBitMap*) 0x00007f96e2245220
 Begin Bits: [0x00007f96c9384000, 0x00007f96ca27c000)
 End Bits:   [0x00007f96ca27c000, 0x00007f96cb174000)

Polling page: 0x00007f96e3097000

CodeCache: size=245760Kb used=9353Kb max_used=9373Kb free=236406Kb
 bounds [0x00007f96cb876000, 0x00007f96cc1b6000, 0x00007f96da876000]
 total_blobs=3160 nmethods=2593 adapters=488
 compilation: enabled

Compilation events (10 events):
Event: 3882,237 Thread 0x00007f96dc0c1000 3051 %     3       WordsInFiles::addWordsFromFile @ 25 (136 bytes)
Event: 3882,240 Thread 0x00007f96dc0c1000 nmethod 3051% 0x00007f96cc0bec90 code [0x00007f96cc0bf060, 0x00007f96cc0c1388]
Event: 3882,241 Thread 0x00007f96dc0c1000 3052       3       WordsInFiles::addWordsFromFile (136 bytes)
Event: 3882,244 Thread 0x00007f96dc0c1000 nmethod 3052 0x00007f96cc10b290 code [0x00007f96cc10b660, 0x00007f96cc10d7a8]
Event: 3882,247 Thread 0x00007f96dc0be000 3053  s    4       sun.misc.URLClassPath::getNextLoader (88 bytes)
Event: 3882,340 Thread 0x00007f96dc0c1000 3055       3       sun.java2d.DefaultDisposerRecord::dispose (12 bytes)
Event: 3882,341 Thread 0x00007f96dc0c1000 nmethod 3055 0x00007f96cbbe74d0 code [0x00007f96cbbe7640, 0x00007f96cbbe77e8]
Event: 3882,430 Thread 0x00007f96dc0be000 nmethod 3053 0x00007f96cc1aba90 code [0x00007f96cc1abe20, 0x00007f96cc1ae8c8]
Event: 3882,430 Thread 0x00007f96dc0be000 3054 %     4       WordsInFiles::addWordsFromFile @ 25 (136 bytes)
Event: 3882,485 Thread 0x00007f96dc0be000 nmethod 3054% 0x00007f96cc1020d0 code [0x00007f96cc102380, 0x00007f96cc104938]

GC Heap History (10 events):
Event: 1474,436 GC heap before
{Heap before GC invocations=9 (full 0):
 PSYoungGen      total 129536K, used 129494K [0x00000000ec100000, 0x00000000f4f00000, 0x0000000100000000)
  eden space 119808K, 99% used [0x00000000ec100000,0x00000000f35f6930,0x00000000f3600000)
  from space 9728K, 99% used [0x00000000f4180000,0x00000000f4aff200,0x00000000f4b00000)
  to   space 11776K, 0% used [0x00000000f3600000,0x00000000f3600000,0x00000000f4180000)
 ParOldGen       total 40960K, used 13708K [0x00000000c4200000, 0x00000000c6a00000, 0x00000000ec100000)
  object space 40960K, 33% used [0x00000000c4200000,0x00000000c4f633c0,0x00000000c6a00000)
 Metaspace       used 15390K, capacity 15702K, committed 15744K, reserved 1062912K
  class space    used 1797K, capacity 1899K, committed 1920K, reserved 1048576K
Event: 1474,478 GC heap after
Heap after GC invocations=9 (full 0):
 PSYoungGen      total 131584K, used 11760K [0x00000000ec100000, 0x00000000f9a80000, 0x0000000100000000)
  eden space 119808K, 0% used [0x00000000ec100000,0x00000000ec100000,0x00000000f3600000)
  from space 11776K, 99% used [0x00000000f3600000,0x00000000f417c060,0x00000000f4180000)
  to   space 15360K, 0% used [0x00000000f8b80000,0x00000000f8b80000,0x00000000f9a80000)
 ParOldGen       total 40960K, used 17304K [0x00000000c4200000, 0x00000000c6a00000, 0x00000000ec100000)
  object space 40960K, 42% used [0x00000000c4200000,0x00000000c52e6270,0x00000000c6a00000)
 Metaspace       used 15390K, capacity 15702K, committed 15744K, reserved 1062912K
  class space    used 1797K, capacity 1899K, committed 1920K, reserved 1048576K
}
Event: 1935,804 GC heap before
{Heap before GC invocations=10 (full 0):
 PSYoungGen      total 131584K, used 131568K [0x00000000ec100000, 0x00000000f9a80000, 0x0000000100000000)
  eden space 119808K, 100% used [0x00000000ec100000,0x00000000f3600000,0x00000000f3600000)
  from space 11776K, 99% used [0x00000000f3600000,0x00000000f417c060,0x00000000f4180000)
  to   space 15360K, 0% used [0x00000000f8b80000,0x00000000f8b80000,0x00000000f9a80000)
 ParOldGen       total 40960K, used 17304K [0x00000000c4200000, 0x00000000c6a00000, 0x00000000ec100000)
  object space 40960K, 42% used [0x00000000c4200000,0x00000000c52e6270,0x00000000c6a00000)
 Metaspace       used 15516K, capacity 15806K, committed 16000K, reserved 1062912K
  class space    used 1801K, capacity 1907K, committed 1920K, reserved 1048576K
Event: 1935,863 GC heap after
Heap after GC invocations=10 (full 0):
 PSYoungGen      total 130048K, used 15340K [0x00000000ec100000, 0x00000000f9a80000, 0x0000000100000000)
  eden space 114688K, 0% used [0x00000000ec100000,0x00000000ec100000,0x00000000f3100000)
  from space 15360K, 99% used [0x00000000f8b80000,0x00000000f9a7b070,0x00000000f9a80000)
  to   space 19968K, 0% used [0x00000000f7380000,0x00000000f7380000,0x00000000f8700000)
 ParOldGen       total 40960K, used 24352K [0x00000000c4200000, 0x00000000c6a00000, 0x00000000ec100000)
  object space 40960K, 59% used [0x00000000c4200000,0x00000000c59c82a0,0x00000000c6a00000)
 Metaspace       used 15516K, capacity 15806K, committed 16000K, reserved 1062912K
  class space    used 1801K, capacity 1907K, committed 1920K, reserved 1048576K
}
Event: 3690,556 GC heap before
{Heap before GC invocations=11 (full 0):
 PSYoungGen      total 130048K, used 130028K [0x00000000ec100000, 0x00000000f9a80000, 0x0000000100000000)
  eden space 114688K, 100% used [0x00000000ec100000,0x00000000f3100000,0x00000000f3100000)
  from space 15360K, 99% used [0x00000000f8b80000,0x00000000f9a7b070,0x00000000f9a80000)
  to   space 19968K, 0% used [0x00000000f7380000,0x00000000f7380000,0x00000000f8700000)
 ParOldGen       total 40960K, used 24352K [0x00000000c4200000, 0x00000000c6a00000, 0x00000000ec100000)
  object space 40960K, 59% used [0x00000000c4200000,0x00000000c59c82a0,0x00000000c6a00000)
 Metaspace       used 16263K, capacity 16580K, committed 16896K, reserved 1064960K
  class space    used 1868K, capacity 1986K, committed 2048K, reserved 1048576K
Event: 3690,660 GC heap after
Heap after GC invocations=11 (full 0):
 PSYoungGen      total 122880K, used 12687K [0x00000000ec100000, 0x00000000f8c00000, 0x0000000100000000)
  eden space 110080K, 0% used [0x00000000ec100000,0x00000000ec100000,0x00000000f2c80000)
  from space 12800K, 99% used [0x00000000f7380000,0x00000000f7fe3f40,0x00000000f8000000)
  to   space 12288K, 0% used [0x00000000f8000000,0x00000000f8000000,0x00000000f8c00000)
 ParOldGen       total 40960K, used 39488K [0x00000000c4200000, 0x00000000c6a00000, 0x00000000ec100000)
  object space 40960K, 96% used [0x00000000c4200000,0x00000000c6890300,0x00000000c6a00000)
 Metaspace       used 16263K, capacity 16580K, committed 16896K, reserved 1064960K
  class space    used 1868K, capacity 1986K, committed 2048K, reserved 1048576K
}
Event: 3690,660 GC heap before
{Heap before GC invocations=12 (full 1):
 PSYoungGen      total 122880K, used 12687K [0x00000000ec100000, 0x00000000f8c00000, 0x0000000100000000)
  eden space 110080K, 0% used [0x00000000ec100000,0x00000000ec100000,0x00000000f2c80000)
  from space 12800K, 99% used [0x00000000f7380000,0x00000000f7fe3f40,0x00000000f8000000)
  to   space 12288K, 0% used [0x00000000f8000000,0x00000000f8000000,0x00000000f8c00000)
 ParOldGen       total 40960K, used 39488K [0x00000000c4200000, 0x00000000c6a00000, 0x00000000ec100000)
  object space 40960K, 96% used [0x00000000c4200000,0x00000000c6890300,0x00000000c6a00000)
 Metaspace       used 16263K, capacity 16580K, committed 16896K, reserved 1064960K
  class space    used 1868K, capacity 1986K, committed 2048K, reserved 1048576K
Event: 3691,070 GC heap after
Heap after GC invocations=12 (full 1):
 PSYoungGen      total 122880K, used 8005K [0x00000000ec100000, 0x00000000f8c00000, 0x0000000100000000)
  eden space 110080K, 0% used [0x00000000ec100000,0x00000000ec100000,0x00000000f2c80000)
  from space 12800K, 62% used [0x00000000f7380000,0x00000000f7b51668,0x00000000f8000000)
  to   space 12288K, 0% used [0x00000000f8000000,0x00000000f8000000,0x00000000f8c00000)
 ParOldGen       total 66560K, used 40465K [0x00000000c4200000, 0x00000000c8300000, 0x00000000ec100000)
  object space 66560K, 60% used [0x00000000c4200000,0x00000000c6984730,0x00000000c8300000)
 Metaspace       used 16252K, capacity 16562K, committed 16896K, reserved 1064960K
  class space    used 1864K, capacity 1979K, committed 2048K, reserved 1048576K
}
Event: 3882,268 GC heap before
{Heap before GC invocations=13 (full 1):
 PSYoungGen      total 122880K, used 118085K [0x00000000ec100000, 0x00000000f8c00000, 0x0000000100000000)
  eden space 110080K, 100% used [0x00000000ec100000,0x00000000f2c80000,0x00000000f2c80000)
  from space 12800K, 62% used [0x00000000f7380000,0x00000000f7b51668,0x00000000f8000000)
  to   space 12288K, 0% used [0x00000000f8000000,0x00000000f8000000,0x00000000f8c00000)
 ParOldGen       total 66560K, used 40465K [0x00000000c4200000, 0x00000000c8300000, 0x00000000ec100000)
  object space 66560K, 60% used [0x00000000c4200000,0x00000000c6984730,0x00000000c8300000)
 Metaspace       used 16322K, capacity 16656K, committed 16896K, reserved 1064960K
  class space    used 1867K, capacity 1985K, committed 2048K, reserved 1048576K
Event: 3882,336 GC heap after
Heap after GC invocations=13 (full 1):
 PSYoungGen      total 117760K, used 12159K [0x00000000ec100000, 0x00000000f8c00000, 0x0000000100000000)
  eden space 105472K, 0% used [0x00000000ec100000,0x00000000ec100000,0x00000000f2800000)
  from space 12288K, 98% used [0x00000000f8000000,0x00000000f8bdfda0,0x00000000f8c00000)
  to   space 20480K, 0% used [0x00000000f6400000,0x00000000f6400000,0x00000000f7800000)
 ParOldGen       total 66560K, used 48449K [0x00000000c4200000, 0x00000000c8300000, 0x00000000ec100000)
  object space 66560K, 72% used [0x00000000c4200000,0x00000000c7150740,0x00000000c8300000)
 Metaspace       used 16322K, capacity 16656K, committed 16896K, reserved 1064960K
  class space    used 1867K, capacity 1985K, committed 2048K, reserved 1048576K
}

Deoptimization events (10 events):
Event: 3610,619 Thread 0x00007f96a8083000 Uncommon trap: reason=unstable_if action=reinterpret pc=0x00007f96cbcdd414 method=java.lang.StrictMath.floorOrCeil(DDDD)D @ 115
Event: 3611,282 Thread 0x00007f969c068800 Uncommon trap: reason=unstable_if action=reinterpret pc=0x00007f96cbdba4d4 method=sun.nio.cs.UTF_8$Decoder.decodeArrayLoop(Ljava/nio/ByteBuffer;Ljava/nio/CharBuffer;)Ljava/nio/charset/CoderResult; @ 84
Event: 3611,282 Thread 0x00007f969c068800 Uncommon trap: reason=unstable_if action=reinterpret pc=0x00007f96cbd485a8 method=java.io.BufferedReader.readLine(Z)Ljava/lang/String; @ 104
Event: 3611,283 Thread 0x00007f969c068800 Uncommon trap: reason=unstable_if action=reinterpret pc=0x00007f96cbd19308 method=java.io.BufferedReader.readLine(Z)Ljava/lang/String; @ 160
Event: 3611,283 Thread 0x00007f969c068800 Uncommon trap: reason=unstable_if action=reinterpret pc=0x00007f96cbd5335c method=sun.nio.cs.UTF_8$Decoder.decodeArrayLoop(Ljava/nio/ByteBuffer;Ljava/nio/CharBuffer;)Ljava/nio/charset/CoderResult; @ 84
Event: 3611,306 Thread 0x00007f969c068800 Uncommon trap: reason=unstable_if action=reinterpret pc=0x00007f96cbd87ad4 method=java.util.regex.Pattern$Ctype.isSatisfiedBy(I)Z @ 4
Event: 3611,307 Thread 0x00007f969c068800 Uncommon trap: reason=unstable_if action=reinterpret pc=0x00007f96cc0f026c method=java.util.regex.Pattern$Ctype.isSatisfiedBy(I)Z @ 4
Event: 3611,307 Thread 0x00007f969c068800 Uncommon trap: reason=unstable_if action=reinterpret pc=0x00007f96cbd838a0 method=java.util.regex.Pattern$Ctype.isSatisfiedBy(I)Z @ 4
Event: 3688,437 Thread 0x00007f96bc00a800 Uncommon trap: reason=class_check action=maybe_recompile pc=0x00007f96cbcf24f8 method=java.awt.Container.getMouseEventTargetImpl(IIZLjava/awt/Container$EventTargetFilter;ZZ)Ljava/awt/Component; @ 191
Event: 3728,313 Thread 0x00007f96a0164800 Uncommon trap: reason=null_check action=make_not_entrant pc=0x00007f96cbd3b144 method=java.lang.Class.reflectionData()Ljava/lang/Class$ReflectionData; @ 24

Internal exceptions (10 events):
Event: 3314,198 Thread 0x00007f96a00a9800 Exception <a 'java/lang/UnsupportedOperationException': > (0x00000000ed7d6198) thrown at [/build/openjdk-8-8jAw7G/openjdk-8-8u111-b14/src/hotspot/src/share/vm/prims/jni.cpp, line 735]
Event: 3376,091 Thread 0x00007f969001d000 Exception <a 'java/lang/UnsupportedOperationException': > (0x00000000edc48a98) thrown at [/build/openjdk-8-8jAw7G/openjdk-8-8u111-b14/src/hotspot/src/share/vm/prims/jni.cpp, line 735]
Event: 3411,662 Thread 0x00007f96b003f800 Exception <a 'java/lang/UnsupportedOperationException': > (0x00000000edfd3cf8) thrown at [/build/openjdk-8-8jAw7G/openjdk-8-8u111-b14/src/hotspot/src/share/vm/prims/jni.cpp, line 735]
Event: 3495,699 Thread 0x000000000188f800 Exception <a 'java/lang/UnsupportedOperationException': > (0x00000000ee1a00c8) thrown at [/build/openjdk-8-8jAw7G/openjdk-8-8u111-b14/src/hotspot/src/share/vm/prims/jni.cpp, line 735]
Event: 3595,537 Thread 0x00007f96a8083000 Exception <a 'java/lang/UnsupportedOperationException': > (0x00000000ee50ada8) thrown at [/build/openjdk-8-8jAw7G/openjdk-8-8u111-b14/src/hotspot/src/share/vm/prims/jni.cpp, line 735]
Event: 3688,523 Thread 0x00007f96bc00a800 Exception <a 'java/lang/UnsupportedOperationException': > (0x00000000f0c772e0) thrown at [/build/openjdk-8-8jAw7G/openjdk-8-8u111-b14/src/hotspot/src/share/vm/prims/jni.cpp, line 735]
Event: 3728,313 Thread 0x00007f96a0164800 Implicit null exception at 0x00007f96cbd3a132 to 0x00007f96cbd3b125
Event: 3728,485 Thread 0x00007f96a0164800 Exception <a 'java/lang/UnsupportedOperationException': > (0x00000000ec641f30) thrown at [/build/openjdk-8-8jAw7G/openjdk-8-8u111-b14/src/hotspot/src/share/vm/prims/jni.cpp, line 735]
Event: 3831,230 Thread 0x00007f96c4087000 Exception <a 'java/lang/UnsupportedOperationException': > (0x00000000eec19128) thrown at [/build/openjdk-8-8jAw7G/openjdk-8-8u111-b14/src/hotspot/src/share/vm/prims/jni.cpp, line 735]
Event: 3881,445 Thread 0x00007f96940fd000 Exception <a 'java/lang/UnsupportedOperationException': > (0x00000000f1325598) thrown at [/build/openjdk-8-8jAw7G/openjdk-8-8u111-b14/src/hotspot/src/share/vm/prims/jni.cpp, line 735]

Events (10 events):
Event: 3882,268 Executing VM operation: ParallelGCFailedAllocation
Event: 3882,336 Executing VM operation: ParallelGCFailedAllocation done
Event: 3882,379 Thread 0x00007f9694106000 Thread added: 0x00007f9694106000
Event: 3882,380 Executing VM operation: RevokeBias
Event: 3882,382 Executing VM operation: RevokeBias done
Event: 3882,382 Thread 0x00007f96980bf000 Thread exited: 0x00007f96980bf000
Event: 3883,707 Executing VM operation: RevokeBias
Event: 3883,707 Executing VM operation: RevokeBias done
Event: 3883,707 Thread 0x00007f96940fc800 Thread exited: 0x00007f96940fc800
Event: 3883,707 Thread 0x00007f96940fd000 Thread exited: 0x00007f96940fd000


Dynamic libraries:
00400000-00401000 r-xp 00000000 08:01 269619                             /usr/lib/jvm/java-8-openjdk-amd64/jre/bin/java
00600000-00601000 r--p 00000000 08:01 269619                             /usr/lib/jvm/java-8-openjdk-amd64/jre/bin/java
00601000-00602000 rw-p 00001000 08:01 269619                             /usr/lib/jvm/java-8-openjdk-amd64/jre/bin/java
01752000-018af000 rw-p 00000000 00:00 0                                  [heap]
c4200000-c8300000 rw-p 00000000 00:00 0 
c8300000-ec100000 ---p 00000000 00:00 0 
ec100000-f8c00000 rw-p 00000000 00:00 0 
f8c00000-100000000 ---p 00000000 00:00 0 
100000000-100200000 rw-p 00000000 00:00 0 
100200000-140000000 ---p 00000000 00:00 0 
7f968b2e0000-7f968b360000 rw-p 00000000 00:00 0 
7f968b360000-7f968b4e0000 ---p 00000000 00:00 0 
7f968b4e0000-7f968b6e0000 rw-p 00000000 00:00 0 
7f968b6e0000-7f968b6e9000 r-xp 00000000 08:01 264869                     /usr/lib/jvm/java-8-openjdk-amd64/jre/lib/amd64/libmanagement.so
7f968b6e9000-7f968b8e8000 ---p 00009000 08:01 264869                     /usr/lib/jvm/java-8-openjdk-amd64/jre/lib/amd64/libmanagement.so
7f968b8e8000-7f968b8e9000 r--p 00008000 08:01 264869                     /usr/lib/jvm/java-8-openjdk-amd64/jre/lib/amd64/libmanagement.so
7f968b8e9000-7f968b8ea000 rw-p 00009000 08:01 264869                     /usr/lib/jvm/java-8-openjdk-amd64/jre/lib/amd64/libmanagement.so
7f968b8ea000-7f968baea000 rw-p 00000000 00:00 0 
7f968baea000-7f968baed000 ---p 00000000 00:00 0 
7f968baed000-7f968bbeb000 rw-p 00000000 00:00 0 
7f968bbeb000-7f968bbee000 ---p 00000000 00:00 0 
7f968bbee000-7f968bcec000 rw-p 00000000 00:00 0 
7f968bcec000-7f968bcef000 ---p 00000000 00:00 0 
7f968bcef000-7f968bded000 rw-p 00000000 00:00 0 
7f968bded000-7f968bdfe000 r-xp 00000000 08:01 264833                     /usr/lib/jvm/java-8-openjdk-amd64/jre/lib/amd64/libnio.so
7f968bdfe000-7f968bffe000 ---p 00011000 08:01 264833                     /usr/lib/jvm/java-8-openjdk-amd64/jre/lib/amd64/libnio.so
7f968bffe000-7f968bfff000 r--p 00011000 08:01 264833                     /usr/lib/jvm/java-8-openjdk-amd64/jre/lib/amd64/libnio.so
7f968bfff000-7f968c000000 rw-p 00012000 08:01 264833                     /usr/lib/jvm/java-8-openjdk-amd64/jre/lib/amd64/libnio.so
7f968c000000-7f968c04c000 rw-p 00000000 00:00 0 
7f968c04c000-7f9690000000 ---p 00000000 00:00 0 
7f9690000000-7f9690039000 rw-p 00000000 00:00 0 
7f9690039000-7f9694000000 ---p 00000000 00:00 0 
7f9694000000-7f96947ae000 rw-p 00000000 00:00 0 
7f96947ae000-7f9698000000 ---p 00000000 00:00 0 
7f9698000000-7f96981b5000 rw-p 00000000 00:00 0 
7f96981b5000-7f969c000000 ---p 00000000 00:00 0 
7f969c000000-7f969c0f7000 rw-p 00000000 00:00 0 
7f969c0f7000-7f96a0000000 ---p 00000000 00:00 0 
7f96a0000000-7f96a29f0000 rw-p 00000000 00:00 0 
7f96a29f0000-7f96a4000000 ---p 00000000 00:00 0 
7f96a4000000-7f96a408e000 rw-p 00000000 00:00 0 
7f96a408e000-7f96a8000000 ---p 00000000 00:00 0 
7f96a8000000-7f96a80c8000 rw-p 00000000 00:00 0 
7f96a80c8000-7f96ac000000 ---p 00000000 00:00 0 
7f96ac000000-7f96ac021000 rw-p 00000000 00:00 0 
7f96ac021000-7f96b0000000 ---p 00000000 00:00 0 
7f96b0000000-7f96b005e000 rw-p 00000000 00:00 0 
7f96b005e000-7f96b4000000 ---p 00000000 00:00 0 
7f96b4000000-7f96b40be000 rw-p 00000000 00:00 0 
7f96b40be000-7f96b8000000 ---p 00000000 00:00 0 
7f96b8000000-7f96b809a000 rw-p 00000000 00:00 0 
7f96b809a000-7f96bc000000 ---p 00000000 00:00 0 
7f96bc000000-7f96bc05a000 rw-p 00000000 00:00 0 
7f96bc05a000-7f96c0000000 ---p 00000000 00:00 0 
7f96c0054000-7f96c0355000 rw-p 00000000 00:00 0 
7f96c0355000-7f96c036c000 r-xp 00000000 08:01 264866                     /usr/lib/jvm/java-8-openjdk-amd64/jre/lib/amd64/libnet.so
7f96c036c000-7f96c056b000 ---p 00017000 08:01 264866                     /usr/lib/jvm/java-8-openjdk-amd64/jre/lib/amd64/libnet.so
7f96c056b000-7f96c056c000 r--p 00016000 08:01 264866                     /usr/lib/jvm/java-8-openjdk-amd64/jre/lib/amd64/libnet.so
7f96c056c000-7f96c056d000 rw-p 00017000 08:01 264866                     /usr/lib/jvm/java-8-openjdk-amd64/jre/lib/amd64/libnet.so
7f96c056d000-7f96c076d000 rw-p 00000000 00:00 0 
7f96c076d000-7f96c0770000 ---p 00000000 00:00 0 
7f96c0770000-7f96c086e000 rw-p 00000000 00:00 0 
7f96c086e000-7f96c0871000 ---p 00000000 00:00 0 
7f96c0871000-7f96c096f000 rw-p 00000000 00:00 0 
7f96c096f000-7f96c0972000 ---p 00000000 00:00 0 
7f96c0972000-7f96c0a70000 rw-p 00000000 00:00 0 
7f96c0a70000-7f96c0a73000 ---p 00000000 00:00 0 
7f96c0a73000-7f96c0b71000 rw-p 00000000 00:00 0 
7f96c0b71000-7f96c0b74000 ---p 00000000 00:00 0 
7f96c0b74000-7f96c0c72000 rw-p 00000000 00:00 0 
7f96c0c72000-7f96c0c75000 ---p 00000000 00:00 0 
7f96c0c75000-7f96c0d73000 rw-p 00000000 00:00 0 
7f96c0d73000-7f96c0d78000 r-xp 00000000 08:01 270040                     /usr/lib/x86_64-linux-gnu/libXfixes.so.3.1.0
7f96c0d78000-7f96c0f77000 ---p 00005000 08:01 270040                     /usr/lib/x86_64-linux-gnu/libXfixes.so.3.1.0
7f96c0f77000-7f96c0f78000 r--p 00004000 08:01 270040                     /usr/lib/x86_64-linux-gnu/libXfixes.so.3.1.0
7f96c0f78000-7f96c0f79000 rw-p 00005000 08:01 270040                     /usr/lib/x86_64-linux-gnu/libXfixes.so.3.1.0
7f96c0f79000-7f96c0f82000 r-xp 00000000 08:01 270032                     /usr/lib/x86_64-linux-gnu/libXcursor.so.1.0.2
7f96c0f82000-7f96c1181000 ---p 00009000 08:01 270032                     /usr/lib/x86_64-linux-gnu/libXcursor.so.1.0.2
7f96c1181000-7f96c1182000 r--p 00008000 08:01 270032                     /usr/lib/x86_64-linux-gnu/libXcursor.so.1.0.2
7f96c1182000-7f96c1183000 rw-p 00009000 08:01 270032                     /usr/lib/x86_64-linux-gnu/libXcursor.so.1.0.2
7f96c1183000-7f96c1186000 ---p 00000000 00:00 0 
7f96c1186000-7f96c1284000 rw-p 00000000 00:00 0 
7f96c1284000-7f96c12a8000 r-xp 00000000 08:01 14946829                   /lib/x86_64-linux-gnu/libpng12.so.0.54.0
7f96c12a8000-7f96c14a7000 ---p 00024000 08:01 14946829                   /lib/x86_64-linux-gnu/libpng12.so.0.54.0
7f96c14a7000-7f96c14a8000 r--p 00023000 08:01 14946829                   /lib/x86_64-linux-gnu/libpng12.so.0.54.0
7f96c14a8000-7f96c14a9000 rw-p 00024000 08:01 14946829                   /lib/x86_64-linux-gnu/libpng12.so.0.54.0
7f96c14a9000-7f96c154d000 r-xp 00000000 08:01 270456                     /usr/lib/x86_64-linux-gnu/libfreetype.so.6.12.1
7f96c154d000-7f96c174c000 ---p 000a4000 08:01 270456                     /usr/lib/x86_64-linux-gnu/libfreetype.so.6.12.1
7f96c174c000-7f96c1752000 r--p 000a3000 08:01 270456                     /usr/lib/x86_64-linux-gnu/libfreetype.so.6.12.1
7f96c1752000-7f96c1753000 rw-p 000a9000 08:01 270456                     /usr/lib/x86_64-linux-gnu/libfreetype.so.6.12.1
7f96c176b000-7f96c1770000 r--s 0001a000 08:01 1184553                    /usr/share/bluej/userlib/pi4j-device.jar
7f96c1770000-7f96c17c2000 r-xp 00000000 08:01 264788                     /usr/lib/jvm/java-8-openjdk-amd64/jre/lib/amd64/libfontmanager.so
7f96c17c2000-7f96c19c2000 ---p 00052000 08:01 264788                     /usr/lib/jvm/java-8-openjdk-amd64/jre/lib/amd64/libfontmanager.so
7f96c19c2000-7f96c19c4000 r--p 00052000 08:01 264788                     /usr/lib/jvm/java-8-openjdk-amd64/jre/lib/amd64/libfontmanager.so
7f96c19c4000-7f96c19c5000 rw-p 00054000 08:01 264788                     /usr/lib/jvm/java-8-openjdk-amd64/jre/lib/amd64/libfontmanager.so
7f96c19c5000-7f96c19ca000 r-xp 00000000 08:01 270036                     /usr/lib/x86_64-linux-gnu/libXdmcp.so.6.0.0
7f96c19ca000-7f96c1bc9000 ---p 00005000 08:01 270036                     /usr/lib/x86_64-linux-gnu/libXdmcp.so.6.0.0
7f96c1bc9000-7f96c1bca000 r--p 00004000 08:01 270036                     /usr/lib/x86_64-linux-gnu/libXdmcp.so.6.0.0
7f96c1bca000-7f96c1bcb000 rw-p 00005000 08:01 270036                     /usr/lib/x86_64-linux-gnu/libXdmcp.so.6.0.0
7f96c1bcb000-7f96c1bcd000 r-xp 00000000 08:01 270025                     /usr/lib/x86_64-linux-gnu/libXau.so.6.0.0
7f96c1bcd000-7f96c1dcd000 ---p 00002000 08:01 270025                     /usr/lib/x86_64-linux-gnu/libXau.so.6.0.0
7f96c1dcd000-7f96c1dce000 r--p 00002000 08:01 270025                     /usr/lib/x86_64-linux-gnu/libXau.so.6.0.0
7f96c1dce000-7f96c1dcf000 rw-p 00003000 08:01 270025                     /usr/lib/x86_64-linux-gnu/libXau.so.6.0.0
7f96c1dcf000-7f96c1df0000 r-xp 00000000 08:01 271403                     /usr/lib/x86_64-linux-gnu/libxcb.so.1.1.0
7f96c1df0000-7f96c1fef000 ---p 00021000 08:01 271403                     /usr/lib/x86_64-linux-gnu/libxcb.so.1.1.0
7f96c1fef000-7f96c1ff0000 r--p 00020000 08:01 271403                     /usr/lib/x86_64-linux-gnu/libxcb.so.1.1.0
7f96c1ff0000-7f96c1ff1000 rw-p 00021000 08:01 271403                     /usr/lib/x86_64-linux-gnu/libxcb.so.1.1.0
7f96c1ff1000-7f96c2000000 r-xp 00000000 08:01 270046                     /usr/lib/x86_64-linux-gnu/libXi.so.6.1.0
7f96c2000000-7f96c21ff000 ---p 0000f000 08:01 270046                     /usr/lib/x86_64-linux-gnu/libXi.so.6.1.0
7f96c21ff000-7f96c2200000 r--p 0000e000 08:01 270046                     /usr/lib/x86_64-linux-gnu/libXi.so.6.1.0
7f96c2200000-7f96c2201000 rw-p 0000f000 08:01 270046                     /usr/lib/x86_64-linux-gnu/libXi.so.6.1.0
7f96c2201000-7f96c2206000 r-xp 00000000 08:01 270064                     /usr/lib/x86_64-linux-gnu/libXtst.so.6.1.0
7f96c2206000-7f96c2405000 ---p 00005000 08:01 270064                     /usr/lib/x86_64-linux-gnu/libXtst.so.6.1.0
7f96c2405000-7f96c2406000 r--p 00004000 08:01 270064                     /usr/lib/x86_64-linux-gnu/libXtst.so.6.1.0
7f96c2406000-7f96c2407000 rw-p 00005000 08:01 270064                     /usr/lib/x86_64-linux-gnu/libXtst.so.6.1.0
7f96c2407000-7f96c2410000 r-xp 00000000 08:01 270058                     /usr/lib/x86_64-linux-gnu/libXrender.so.1.3.0
7f96c2410000-7f96c260f000 ---p 00009000 08:01 270058                     /usr/lib/x86_64-linux-gnu/libXrender.so.1.3.0
7f96c260f000-7f96c2610000 r--p 00008000 08:01 270058                     /usr/lib/x86_64-linux-gnu/libXrender.so.1.3.0
7f96c2610000-7f96c2611000 rw-p 00009000 08:01 270058                     /usr/lib/x86_64-linux-gnu/libXrender.so.1.3.0
7f96c2611000-7f96c2746000 r-xp 00000000 08:01 270021                     /usr/lib/x86_64-linux-gnu/libX11.so.6.3.0
7f96c2746000-7f96c2946000 ---p 00135000 08:01 270021                     /usr/lib/x86_64-linux-gnu/libX11.so.6.3.0
7f96c2946000-7f96c2947000 r--p 00135000 08:01 270021                     /usr/lib/x86_64-linux-gnu/libX11.so.6.3.0
7f96c2947000-7f96c294b000 rw-p 00136000 08:01 270021                     /usr/lib/x86_64-linux-gnu/libX11.so.6.3.0
7f96c294b000-7f96c295c000 r-xp 00000000 08:01 270038                     /usr/lib/x86_64-linux-gnu/libXext.so.6.4.0
7f96c295c000-7f96c2b5b000 ---p 00011000 08:01 270038                     /usr/lib/x86_64-linux-gnu/libXext.so.6.4.0
7f96c2b5b000-7f96c2b5c000 r--p 00010000 08:01 270038                     /usr/lib/x86_64-linux-gnu/libXext.so.6.4.0
7f96c2b5c000-7f96c2b5d000 rw-p 00011000 08:01 270038                     /usr/lib/x86_64-linux-gnu/libXext.so.6.4.0
7f96c2b5e000-7f96c2b5f000 r--s 00009000 08:01 1184554                    /usr/share/bluej/userlib/courserajava.jar
7f96c2b5f000-7f96c2b61000 r--s 00003000 08:01 1184552                    /usr/share/bluej/userlib/pi4j-service.jar
7f96c2b61000-7f96c2b63000 r--s 0000d000 08:01 1184551                    /usr/share/bluej/userlib/apache-csv.jar
7f96c2b63000-7f96c2b67000 r--s 00027000 08:01 1184555                    /usr/share/bluej/userlib/pi4j-core.jar
7f96c2b67000-7f96c2b7a000 r--s 00346000 08:01 264887                     /usr/lib/jvm/java-8-openjdk-amd64/jre/lib/resources.jar
7f96c2b7a000-7f96c2bce000 r-xp 00000000 08:01 264856                     /usr/lib/jvm/java-8-openjdk-amd64/jre/lib/amd64/libawt_xawt.so
7f96c2bce000-7f96c2dce000 ---p 00054000 08:01 264856                     /usr/lib/jvm/java-8-openjdk-amd64/jre/lib/amd64/libawt_xawt.so
7f96c2dce000-7f96c2dcf000 r--p 00054000 08:01 264856                     /usr/lib/jvm/java-8-openjdk-amd64/jre/lib/amd64/libawt_xawt.so
7f96c2dcf000-7f96c2dd2000 rw-p 00055000 08:01 264856                     /usr/lib/jvm/java-8-openjdk-amd64/jre/lib/amd64/libawt_xawt.so
7f96c2dd2000-7f96c2dd3000 rw-p 00000000 00:00 0 
7f96c2dd3000-7f96c2e73000 r-xp 00000000 08:01 264867                     /usr/lib/jvm/java-8-openjdk-amd64/jre/lib/amd64/libawt.so
7f96c2e73000-7f96c3073000 ---p 000a0000 08:01 264867                     /usr/lib/jvm/java-8-openjdk-amd64/jre/lib/amd64/libawt.so
7f96c3073000-7f96c3074000 r--p 000a0000 08:01 264867                     /usr/lib/jvm/java-8-openjdk-amd64/jre/lib/amd64/libawt.so
7f96c3074000-7f96c307f000 rw-p 000a1000 08:01 264867                     /usr/lib/jvm/java-8-openjdk-amd64/jre/lib/amd64/libawt.so
7f96c307f000-7f96c30a4000 rw-p 00000000 00:00 0 
7f96c30a4000-7f96c30b8000 r--s 00157000 08:01 922442                     /usr/share/bluej/bluejcore.jar
7f96c30b8000-7f96c30d3000 r--s 00394000 08:01 264871                     /usr/lib/jvm/java-8-openjdk-amd64/jre/lib/ext/cldrdata.jar
7f96c30d3000-7f96c30ee000 r--s 001d5000 08:01 264872                     /usr/lib/jvm/java-8-openjdk-amd64/jre/lib/ext/nashorn.jar
7f96c30ee000-7f96c30ef000 ---p 00000000 00:00 0 
7f96c30ef000-7f96c31ef000 rw-p 00000000 00:00 0 
7f96c31ef000-7f96c31f2000 ---p 00000000 00:00 0 
7f96c31f2000-7f96c32f0000 rw-p 00000000 00:00 0 
7f96c32f0000-7f96c32f3000 ---p 00000000 00:00 0 
7f96c32f3000-7f96c33f1000 rw-p 00000000 00:00 0 
7f96c33f1000-7f96c33f4000 ---p 00000000 00:00 0 
7f96c33f4000-7f96c34f2000 rw-p 00000000 00:00 0 
7f96c34f2000-7f96c34f5000 ---p 00000000 00:00 0 
7f96c34f5000-7f96c35f3000 rw-p 00000000 00:00 0 
7f96c35f3000-7f96c35f6000 ---p 00000000 00:00 0 
7f96c35f6000-7f96c36f4000 rw-p 00000000 00:00 0 
7f96c36f4000-7f96c36f7000 ---p 00000000 00:00 0 
7f96c36f7000-7f96c37f5000 rw-p 00000000 00:00 0 
7f96c37f5000-7f96c37f9000 r-xp 00000000 08:01 264791                     /usr/lib/jvm/java-8-openjdk-amd64/jre/lib/amd64/libdt_socket.so
7f96c37f9000-7f96c39f8000 ---p 00004000 08:01 264791                     /usr/lib/jvm/java-8-openjdk-amd64/jre/lib/amd64/libdt_socket.so
7f96c39f8000-7f96c39f9000 r--p 00003000 08:01 264791                     /usr/lib/jvm/java-8-openjdk-amd64/jre/lib/amd64/libdt_socket.so
7f96c39f9000-7f96c39fa000 rw-p 00004000 08:01 264791                     /usr/lib/jvm/java-8-openjdk-amd64/jre/lib/amd64/libdt_socket.so
7f96c39fa000-7f96c39fd000 ---p 00000000 00:00 0 
7f96c39fd000-7f96c3afb000 rw-p 00000000 00:00 0 
7f96c3afb000-7f96c3afe000 ---p 00000000 00:00 0 
7f96c3afe000-7f96c3bfc000 rw-p 00000000 00:00 0 
7f96c3bfc000-7f96c3bff000 ---p 00000000 00:00 0 
7f96c3bff000-7f96c3cfd000 rw-p 00000000 00:00 0 
7f96c3cfd000-7f96c3cfe000 ---p 00000000 00:00 0 
7f96c3cfe000-7f96c4000000 rw-p 00000000 00:00 0 
7f96c4000000-7f96c4089000 rw-p 00000000 00:00 0 
7f96c4089000-7f96c8000000 ---p 00000000 00:00 0 
7f96c8000000-7f96c8002000 r--s 00010000 08:01 1184557                    /usr/share/bluej/userlib/pi4j-gpio-extension.jar
7f96c8002000-7f96c8008000 r--s 00034000 08:01 922440                     /usr/share/bluej/junit-4.8.2.jar
7f96c8008000-7f96c8009000 r--s 00010000 08:01 264878                     /usr/lib/jvm/java-8-openjdk-amd64/jre/lib/ext/zipfs.jar
7f96c8009000-7f96c800b000 r--s 00001000 08:01 264880                     /usr/lib/jvm/java-8-openjdk-amd64/jre/lib/ext/dnsns.jar
7f96c800b000-7f96c800e000 r--s 0000f000 08:01 264879                     /usr/lib/jvm/java-8-openjdk-amd64/jre/lib/ext/icedtea-sound.jar
7f96c800e000-7f96c8018000 r--s 00116000 08:01 264877                     /usr/lib/jvm/java-8-openjdk-amd64/jre/lib/ext/localedata.jar
7f96c8018000-7f96c8761000 rw-p 00000000 00:00 0 
7f96c8761000-7f96c892f000 r--s 03bf1000 08:01 264890                     /usr/lib/jvm/java-8-openjdk-amd64/jre/lib/rt.jar
7f96c892f000-7f96cb174000 rw-p 00000000 00:00 0 
7f96cb174000-7f96cb175000 ---p 00000000 00:00 0 
7f96cb175000-7f96cb275000 rw-p 00000000 00:00 0 
7f96cb275000-7f96cb276000 ---p 00000000 00:00 0 
7f96cb276000-7f96cb397000 rw-p 00000000 00:00 0 
7f96cb397000-7f96cb4b6000 ---p 00000000 00:00 0 
7f96cb4b6000-7f96cb4db000 rw-p 00000000 00:00 0 
7f96cb4db000-7f96cb876000 ---p 00000000 00:00 0 
7f96cb876000-7f96cc1b6000 rwxp 00000000 00:00 0 
7f96cc1b6000-7f96da876000 ---p 00000000 00:00 0 
7f96da876000-7f96da87e000 r-xp 00000000 08:01 264842                     /usr/lib/jvm/java-8-openjdk-amd64/jre/lib/amd64/libzip.so
7f96da87e000-7f96daa7d000 ---p 00008000 08:01 264842                     /usr/lib/jvm/java-8-openjdk-amd64/jre/lib/amd64/libzip.so
7f96daa7d000-7f96daa7e000 r--p 00007000 08:01 264842                     /usr/lib/jvm/java-8-openjdk-amd64/jre/lib/amd64/libzip.so
7f96daa7e000-7f96daa7f000 rw-p 00008000 08:01 264842                     /usr/lib/jvm/java-8-openjdk-amd64/jre/lib/amd64/libzip.so
7f96daa7f000-7f96daa8a000 r-xp 00000000 08:01 14946787                   /lib/x86_64-linux-gnu/libnss_files-2.23.so
7f96daa8a000-7f96dac89000 ---p 0000b000 08:01 14946787                   /lib/x86_64-linux-gnu/libnss_files-2.23.so
7f96dac89000-7f96dac8a000 r--p 0000a000 08:01 14946787                   /lib/x86_64-linux-gnu/libnss_files-2.23.so
7f96dac8a000-7f96dac8b000 rw-p 0000b000 08:01 14946787                   /lib/x86_64-linux-gnu/libnss_files-2.23.so
7f96dac8b000-7f96dac91000 rw-p 00000000 00:00 0 
7f96dac91000-7f96dac9c000 r-xp 00000000 08:01 14946797                   /lib/x86_64-linux-gnu/libnss_nis-2.23.so
7f96dac9c000-7f96dae9b000 ---p 0000b000 08:01 14946797                   /lib/x86_64-linux-gnu/libnss_nis-2.23.so
7f96dae9b000-7f96dae9c000 r--p 0000a000 08:01 14946797                   /lib/x86_64-linux-gnu/libnss_nis-2.23.so
7f96dae9c000-7f96dae9d000 rw-p 0000b000 08:01 14946797                   /lib/x86_64-linux-gnu/libnss_nis-2.23.so
7f96dae9d000-7f96daeb3000 r-xp 00000000 08:01 14946781                   /lib/x86_64-linux-gnu/libnsl-2.23.so
7f96daeb3000-7f96db0b2000 ---p 00016000 08:01 14946781                   /lib/x86_64-linux-gnu/libnsl-2.23.so
7f96db0b2000-7f96db0b3000 r--p 00015000 08:01 14946781                   /lib/x86_64-linux-gnu/libnsl-2.23.so
7f96db0b3000-7f96db0b4000 rw-p 00016000 08:01 14946781                   /lib/x86_64-linux-gnu/libnsl-2.23.so
7f96db0b4000-7f96db0b6000 rw-p 00000000 00:00 0 
7f96db0b6000-7f96db0be000 r-xp 00000000 08:01 14946783                   /lib/x86_64-linux-gnu/libnss_compat-2.23.so
7f96db0be000-7f96db2bd000 ---p 00008000 08:01 14946783                   /lib/x86_64-linux-gnu/libnss_compat-2.23.so
7f96db2bd000-7f96db2be000 r--p 00007000 08:01 14946783                   /lib/x86_64-linux-gnu/libnss_compat-2.23.so
7f96db2be000-7f96db2bf000 rw-p 00008000 08:01 14946783                   /lib/x86_64-linux-gnu/libnss_compat-2.23.so
7f96db2bf000-7f96dbdfc000 r--p 00000000 08:01 269129                     /usr/lib/locale/locale-archive
7f96dbdfc000-7f96dbdfe000 r-xp 00000000 08:01 264790                     /usr/lib/jvm/java-8-openjdk-amd64/jre/lib/amd64/libnpt.so
7f96dbdfe000-7f96dbffe000 ---p 00002000 08:01 264790                     /usr/lib/jvm/java-8-openjdk-amd64/jre/lib/amd64/libnpt.so
7f96dbffe000-7f96dbfff000 r--p 00002000 08:01 264790                     /usr/lib/jvm/java-8-openjdk-amd64/jre/lib/amd64/libnpt.so
7f96dbfff000-7f96dc000000 rw-p 00003000 08:01 264790                     /usr/lib/jvm/java-8-openjdk-amd64/jre/lib/amd64/libnpt.so
7f96dc000000-7f96dc2db000 rw-p 00000000 00:00 0 
7f96dc2db000-7f96e0000000 ---p 00000000 00:00 0 
7f96e0000000-7f96e0002000 r--s 00008000 08:01 264876                     /usr/lib/jvm/java-8-openjdk-amd64/jre/lib/ext/sunec.jar
7f96e0002000-7f96e0044000 rw-p 00000000 00:00 0 
7f96e0044000-7f96e0162000 ---p 00000000 00:00 0 
7f96e0162000-7f96e01c8000 rw-p 00000000 00:00 0 
7f96e01c8000-7f96e0202000 ---p 00000000 00:00 0 
7f96e0202000-7f96e0203000 rw-p 00000000 00:00 0 
7f96e0203000-7f96e023e000 r-xp 00000000 08:01 264786                     /usr/lib/jvm/java-8-openjdk-amd64/jre/lib/amd64/libjdwp.so
7f96e023e000-7f96e043d000 ---p 0003b000 08:01 264786                     /usr/lib/jvm/java-8-openjdk-amd64/jre/lib/amd64/libjdwp.so
7f96e043d000-7f96e043e000 r--p 0003a000 08:01 264786                     /usr/lib/jvm/java-8-openjdk-amd64/jre/lib/amd64/libjdwp.so
7f96e043e000-7f96e043f000 rw-p 0003b000 08:01 264786                     /usr/lib/jvm/java-8-openjdk-amd64/jre/lib/amd64/libjdwp.so
7f96e043f000-7f96e046c000 r-xp 00000000 08:01 264821                     /usr/lib/jvm/java-8-openjdk-amd64/jre/lib/amd64/libjava.so
7f96e046c000-7f96e066b000 ---p 0002d000 08:01 264821                     /usr/lib/jvm/java-8-openjdk-amd64/jre/lib/amd64/libjava.so
7f96e066b000-7f96e066c000 r--p 0002c000 08:01 264821                     /usr/lib/jvm/java-8-openjdk-amd64/jre/lib/amd64/libjava.so
7f96e066c000-7f96e066e000 rw-p 0002d000 08:01 264821                     /usr/lib/jvm/java-8-openjdk-amd64/jre/lib/amd64/libjava.so
7f96e066e000-7f96e067d000 r-xp 00000000 08:01 264840                     /usr/lib/jvm/java-8-openjdk-amd64/jre/lib/amd64/libverify.so
7f96e067d000-7f96e087c000 ---p 0000f000 08:01 264840                     /usr/lib/jvm/java-8-openjdk-amd64/jre/lib/amd64/libverify.so
7f96e087c000-7f96e087e000 r--p 0000e000 08:01 264840                     /usr/lib/jvm/java-8-openjdk-amd64/jre/lib/amd64/libverify.so
7f96e087e000-7f96e087f000 rw-p 00010000 08:01 264840                     /usr/lib/jvm/java-8-openjdk-amd64/jre/lib/amd64/libverify.so
7f96e087f000-7f96e0886000 r-xp 00000000 08:01 14946842                   /lib/x86_64-linux-gnu/librt-2.23.so
7f96e0886000-7f96e0a85000 ---p 00007000 08:01 14946842                   /lib/x86_64-linux-gnu/librt-2.23.so
7f96e0a85000-7f96e0a86000 r--p 00006000 08:01 14946842                   /lib/x86_64-linux-gnu/librt-2.23.so
7f96e0a86000-7f96e0a87000 rw-p 00007000 08:01 14946842                   /lib/x86_64-linux-gnu/librt-2.23.so
7f96e0a87000-7f96e0a9d000 r-xp 00000000 08:01 14946726                   /lib/x86_64-linux-gnu/libgcc_s.so.1
7f96e0a9d000-7f96e0c9c000 ---p 00016000 08:01 14946726                   /lib/x86_64-linux-gnu/libgcc_s.so.1
7f96e0c9c000-7f96e0c9d000 rw-p 00015000 08:01 14946726                   /lib/x86_64-linux-gnu/libgcc_s.so.1
7f96e0c9d000-7f96e0da5000 r-xp 00000000 08:01 14946758                   /lib/x86_64-linux-gnu/libm-2.23.so
7f96e0da5000-7f96e0fa4000 ---p 00108000 08:01 14946758                   /lib/x86_64-linux-gnu/libm-2.23.so
7f96e0fa4000-7f96e0fa5000 r--p 00107000 08:01 14946758                   /lib/x86_64-linux-gnu/libm-2.23.so
7f96e0fa5000-7f96e0fa6000 rw-p 00108000 08:01 14946758                   /lib/x86_64-linux-gnu/libm-2.23.so
7f96e0fa6000-7f96e1118000 r-xp 00000000 08:01 264189                     /usr/lib/x86_64-linux-gnu/libstdc++.so.6.0.21
7f96e1118000-7f96e1318000 ---p 00172000 08:01 264189                     /usr/lib/x86_64-linux-gnu/libstdc++.so.6.0.21
7f96e1318000-7f96e1322000 r--p 00172000 08:01 264189                     /usr/lib/x86_64-linux-gnu/libstdc++.so.6.0.21
7f96e1322000-7f96e1324000 rw-p 0017c000 08:01 264189                     /usr/lib/x86_64-linux-gnu/libstdc++.so.6.0.21
7f96e1324000-7f96e1328000 rw-p 00000000 00:00 0 
7f96e1328000-7f96e1f77000 r-xp 00000000 08:01 264843                     /usr/lib/jvm/java-8-openjdk-amd64/jre/lib/amd64/server/libjvm.so
7f96e1f77000-7f96e2176000 ---p 00c4f000 08:01 264843                     /usr/lib/jvm/java-8-openjdk-amd64/jre/lib/amd64/server/libjvm.so
7f96e2176000-7f96e2209000 r--p 00c4e000 08:01 264843                     /usr/lib/jvm/java-8-openjdk-amd64/jre/lib/amd64/server/libjvm.so
7f96e2209000-7f96e2232000 rw-p 00ce1000 08:01 264843                     /usr/lib/jvm/java-8-openjdk-amd64/jre/lib/amd64/server/libjvm.so
7f96e2232000-7f96e2262000 rw-p 00000000 00:00 0 
7f96e2262000-7f96e227a000 r-xp 00000000 08:01 14946834                   /lib/x86_64-linux-gnu/libpthread-2.23.so
7f96e227a000-7f96e2479000 ---p 00018000 08:01 14946834                   /lib/x86_64-linux-gnu/libpthread-2.23.so
7f96e2479000-7f96e247a000 r--p 00017000 08:01 14946834                   /lib/x86_64-linux-gnu/libpthread-2.23.so
7f96e247a000-7f96e247b000 rw-p 00018000 08:01 14946834                   /lib/x86_64-linux-gnu/libpthread-2.23.so
7f96e247b000-7f96e247f000 rw-p 00000000 00:00 0 
7f96e247f000-7f96e2482000 r-xp 00000000 08:01 14946712                   /lib/x86_64-linux-gnu/libdl-2.23.so
7f96e2482000-7f96e2681000 ---p 00003000 08:01 14946712                   /lib/x86_64-linux-gnu/libdl-2.23.so
7f96e2681000-7f96e2682000 r--p 00002000 08:01 14946712                   /lib/x86_64-linux-gnu/libdl-2.23.so
7f96e2682000-7f96e2683000 rw-p 00003000 08:01 14946712                   /lib/x86_64-linux-gnu/libdl-2.23.so
7f96e2683000-7f96e269c000 r-xp 00000000 08:01 14946879                   /lib/x86_64-linux-gnu/libz.so.1.2.8
7f96e269c000-7f96e289b000 ---p 00019000 08:01 14946879                   /lib/x86_64-linux-gnu/libz.so.1.2.8
7f96e289b000-7f96e289c000 r--p 00018000 08:01 14946879                   /lib/x86_64-linux-gnu/libz.so.1.2.8
7f96e289c000-7f96e289d000 rw-p 00019000 08:01 14946879                   /lib/x86_64-linux-gnu/libz.so.1.2.8
7f96e289d000-7f96e2a5d000 r-xp 00000000 08:01 14946688                   /lib/x86_64-linux-gnu/libc-2.23.so
7f96e2a5d000-7f96e2c5c000 ---p 001c0000 08:01 14946688                   /lib/x86_64-linux-gnu/libc-2.23.so
7f96e2c5c000-7f96e2c60000 r--p 001bf000 08:01 14946688                   /lib/x86_64-linux-gnu/libc-2.23.so
7f96e2c60000-7f96e2c62000 rw-p 001c3000 08:01 14946688                   /lib/x86_64-linux-gnu/libc-2.23.so
7f96e2c62000-7f96e2c66000 rw-p 00000000 00:00 0 
7f96e2c66000-7f96e2c73000 r-xp 00000000 08:01 264839                     /usr/lib/jvm/java-8-openjdk-amd64/jre/lib/amd64/jli/libjli.so
7f96e2c73000-7f96e2e73000 ---p 0000d000 08:01 264839                     /usr/lib/jvm/java-8-openjdk-amd64/jre/lib/amd64/jli/libjli.so
7f96e2e73000-7f96e2e74000 r--p 0000d000 08:01 264839                     /usr/lib/jvm/java-8-openjdk-amd64/jre/lib/amd64/jli/libjli.so
7f96e2e74000-7f96e2e75000 rw-p 0000e000 08:01 264839                     /usr/lib/jvm/java-8-openjdk-amd64/jre/lib/amd64/jli/libjli.so
7f96e2e75000-7f96e2e9b000 r-xp 00000000 08:01 14946660                   /lib/x86_64-linux-gnu/ld-2.23.so
7f96e2e9b000-7f96e2e9c000 r--s 0000a000 08:01 264875                     /usr/lib/jvm/java-8-openjdk-amd64/jre/lib/ext/jaccess.jar
7f96e2e9c000-7f96e2ea0000 r--s 00037000 08:01 264874                     /usr/lib/jvm/java-8-openjdk-amd64/jre/lib/ext/sunpkcs11.jar
7f96e2ea0000-7f96e2ea5000 r--s 0003b000 08:01 264873                     /usr/lib/jvm/java-8-openjdk-amd64/jre/lib/ext/sunjce_provider.jar
7f96e2ea5000-7f96e2f75000 rw-p 00000000 00:00 0 
7f96e2f75000-7f96e2f78000 ---p 00000000 00:00 0 
7f96e2f78000-7f96e308e000 rw-p 00000000 00:00 0 
7f96e308e000-7f96e3096000 rw-s 00000000 08:01 14155981                   /tmp/hsperfdata_anboias/16335
7f96e3096000-7f96e3097000 rw-p 00000000 00:00 0 
7f96e3097000-7f96e3098000 ---p 00000000 00:00 0 
7f96e3098000-7f96e309a000 rw-p 00000000 00:00 0 
7f96e309a000-7f96e309b000 r--p 00025000 08:01 14946660                   /lib/x86_64-linux-gnu/ld-2.23.so
7f96e309b000-7f96e309c000 rw-p 00026000 08:01 14946660                   /lib/x86_64-linux-gnu/ld-2.23.so
7f96e309c000-7f96e309d000 rw-p 00000000 00:00 0 
7ffc54d84000-7ffc54da5000 rw-p 00000000 00:00 0                          [stack]
7ffc54dab000-7ffc54dad000 r--p 00000000 00:00 0                          [vvar]
7ffc54dad000-7ffc54daf000 r-xp 00000000 00:00 0                          [vdso]
ffffffffff600000-ffffffffff601000 r-xp 00000000 00:00 0                  [vsyscall]

VM Arguments:
jvm_args: -ea -Djavafx.macosx.embedded=true -agentlib:jdwp=transport=dt_socket,address=127.0.0.1:41435 -Dfile.encoding=UTF-8 
java_command: bluej.runtime.ExecServer UTF-8
java_class_path (initial): /usr/share/bluej/bluejcore.jar:/usr/share/bluej/junit-4.8.2.jar:/usr/share/bluej/userlib/pi4j-core.jar:/usr/share/bluej/userlib/pi4j-gpio-extension.jar:/usr/share/bluej/userlib/apache-csv.jar:/usr/share/bluej/userlib/pi4j-service.jar:/usr/share/bluej/userlib/pi4j-device.jar:/usr/share/bluej/userlib/courserajava.jar
Launcher Type: SUN_STANDARD

Environment Variables:
PATH=/home/anboias/.local/share/umake/bin:/home/anboias/bin:/home/anboias/.local/bin:/usr/local/sbin:/usr/local/bin:/usr/sbin:/usr/bin:/sbin:/bin:/usr/games:/usr/local/games:/snap/bin
SHELL=/bin/bash
DISPLAY=:0

Signal Handlers:
SIGSEGV: [libjvm.so+0xa65880], sa_mask[0]=11111111011111111101111111111110, sa_flags=SA_RESTART|SA_SIGINFO
SIGBUS: [libjvm.so+0xa65880], sa_mask[0]=11111111011111111101111111111110, sa_flags=SA_RESTART|SA_SIGINFO
SIGFPE: [libjvm.so+0x8af1c0], sa_mask[0]=11111111011111111101111111111110, sa_flags=SA_RESTART|SA_SIGINFO
SIGPIPE: [libjvm.so+0x8af1c0], sa_mask[0]=11111111011111111101111111111110, sa_flags=SA_RESTART|SA_SIGINFO
SIGXFSZ: [libjvm.so+0x8af1c0], sa_mask[0]=11111111011111111101111111111110, sa_flags=SA_RESTART|SA_SIGINFO
SIGILL: [libjvm.so+0x8af1c0], sa_mask[0]=11111111011111111101111111111110, sa_flags=SA_RESTART|SA_SIGINFO
SIGUSR1: SIG_DFL, sa_mask[0]=00000000000000000000000000000000, sa_flags=none
SIGUSR2: [libjvm.so+0x8af070], sa_mask[0]=00100000000000000000000000000000, sa_flags=SA_RESTART|SA_SIGINFO
SIGHUP: [libjvm.so+0x8af540], sa_mask[0]=11111111011111111101111111111110, sa_flags=SA_RESTART|SA_SIGINFO
SIGINT: [libjvm.so+0x8af540], sa_mask[0]=11111111011111111101111111111110, sa_flags=SA_RESTART|SA_SIGINFO
SIGTERM: [libjvm.so+0x8af540], sa_mask[0]=11111111011111111101111111111110, sa_flags=SA_RESTART|SA_SIGINFO
SIGQUIT: [libjvm.so+0x8af540], sa_mask[0]=11111111011111111101111111111110, sa_flags=SA_RESTART|SA_SIGINFO


---------------  S Y S T E M  ---------------

OS:DISTRIB_ID=Ubuntu
DISTRIB_RELEASE=16.04
DISTRIB_CODENAME=xenial
DISTRIB_DESCRIPTION="Ubuntu 16.04.1 LTS"

uname:Linux 4.4.0-45-generic #66-Ubuntu SMP Wed Oct 19 14:12:37 UTC 2016 x86_64
libc:glibc 2.23 NPTL 2.23 
rlimit: STACK 8192k, CORE 0k, NPROC 15140, NOFILE 65536, AS infinity
load average:36,68 9,58 3,34

/proc/meminfo:
MemTotal:        3916140 kB
MemFree:         2528520 kB
MemAvailable:    2532804 kB
Buffers:           12424 kB
Cached:           421612 kB
SwapCached:        28596 kB
Active:           736360 kB
Inactive:         535004 kB
Active(anon):     623924 kB
Inactive(anon):   457200 kB
Active(file):     112436 kB
Inactive(file):    77804 kB
Unevictable:          60 kB
Mlocked:              60 kB
SwapTotal:       4061180 kB
SwapFree:        3331232 kB
Dirty:               360 kB
Writeback:             0 kB
AnonPages:        819216 kB
Mapped:            99580 kB
Shmem:            243788 kB
Slab:              68540 kB
SReclaimable:      33472 kB
SUnreclaim:        35068 kB
KernelStack:        5056 kB
PageTables:        11432 kB
NFS_Unstable:          0 kB
Bounce:                0 kB
WritebackTmp:          0 kB
CommitLimit:     6019248 kB
Committed_AS:    3107940 kB
VmallocTotal:   34359738367 kB
VmallocUsed:           0 kB
VmallocChunk:          0 kB
HardwareCorrupted:     0 kB
AnonHugePages:    212992 kB
CmaTotal:              0 kB
CmaFree:               0 kB
HugePages_Total:       0
HugePages_Free:        0
HugePages_Rsvd:        0
HugePages_Surp:        0
Hugepagesize:       2048 kB
DirectMap4k:      168444 kB
DirectMap2M:     3895296 kB
DirectMap1G:           0 kB


CPU:total 2 (2 cores per cpu, 1 threads per core) family 6 model 60 stepping 3, cmov, cx8, fxsr, mmx, sse, sse2, sse3, ssse3, sse4.1, sse4.2, popcnt, clmul, erms, lzcnt, tsc, tscinvbit

/proc/cpuinfo:
processor	: 0
vendor_id	: GenuineIntel
cpu family	: 6
model		: 60
model name	: Intel(R) Celeron(R) CPU G1840 @ 2.80GHz
stepping	: 3
microcode	: 0x19
cpu MHz		: 1886.718
cache size	: 2048 KB
physical id	: 0
siblings	: 2
core id		: 0
cpu cores	: 2
apicid		: 0
initial apicid	: 0
fpu		: yes
fpu_exception	: yes
cpuid level	: 13
wp		: yes
flags		: fpu vme de pse tsc msr pae mce cx8 apic sep mtrr pge mca cmov pat pse36 clflush dts acpi mmx fxsr sse sse2 ss ht tm pbe syscall nx pdpe1gb rdtscp lm constant_tsc arch_perfmon pebs bts rep_good nopl xtopology nonstop_tsc aperfmperf eagerfpu pni pclmulqdq dtes64 monitor ds_cpl vmx est tm2 ssse3 sdbg cx16 xtpr pdcm pcid sse4_1 sse4_2 movbe popcnt tsc_deadline_timer xsave rdrand lahf_lm abm epb tpr_shadow vnmi flexpriority ept vpid fsgsbase tsc_adjust erms invpcid xsaveopt dtherm arat pln pts
bugs		:
bogomips	: 5587.11
clflush size	: 64
cache_alignment	: 64
address sizes	: 39 bits physical, 48 bits virtual
power management:

processor	: 1
vendor_id	: GenuineIntel
cpu family	: 6
model		: 60
model name	: Intel(R) Celeron(R) CPU G1840 @ 2.80GHz
stepping	: 3
microcode	: 0x19
cpu MHz		: 1850.296
cache size	: 2048 KB
physical id	: 0
siblings	: 2
core id		: 1
cpu cores	: 2
apicid		: 2
initial apicid	: 2
fpu		: yes
fpu_exception	: yes
cpuid level	: 13
wp		: yes
flags		: fpu vme de pse tsc msr pae mce cx8 apic sep mtrr pge mca cmov pat pse36 clflush dts acpi mmx fxsr sse sse2 ss ht tm pbe syscall nx pdpe1gb rdtscp lm constant_tsc arch_perfmon pebs bts rep_good nopl xtopology nonstop_tsc aperfmperf eagerfpu pni pclmulqdq dtes64 monitor ds_cpl vmx est tm2 ssse3 sdbg cx16 xtpr pdcm pcid sse4_1 sse4_2 movbe popcnt tsc_deadline_timer xsave rdrand lahf_lm abm epb tpr_shadow vnmi flexpriority ept vpid fsgsbase tsc_adjust erms invpcid xsaveopt dtherm arat pln pts
bugs		:
bogomips	: 5587.11
clflush size	: 64
cache_alignment	: 64
address sizes	: 39 bits physical, 48 bits virtual
power management:



Memory: 4k page, physical 3916140k(2528520k free), swap 4061180k(3331232k free)

vm_info: OpenJDK 64-Bit Server VM (25.111-b14) for linux-amd64 JRE (1.8.0_111-8u111-b14-2ubuntu0.16.04.2-b14), built on Oct 27 2016 18:10:19 by "buildd" with gcc 5.4.0 20160609

time: Sat Nov  5 01:09:44 2016
elapsed time: 13600 seconds (0d 3h 46m 40s)

